<?xml version="1.0" encoding="UTF-8"?>
<!-- Generated by org.testng.reporters.JUnitReportReporter -->
<testsuite hostname="LAPTOP-K5PFSJS5" failures="0" tests="1" name="SpiceJetProject.App" time="32.058" errors="0" timestamp="2021-11-01T00:25:44 IST" skipped="0">
  <testcase classname="SpiceJetProject.App" name="SearchFlight" time="32.058"/>
  <system-out/>
</testsuite> <!-- SpiceJetProject.App -->
